<?xml version="1.0" encoding="UTF-8"?>
<!-- Generated by org.testng.reporters.JUnitXMLReporter -->
<testsuite ignored="0" hostname="Rams-iMac-4.local" failures="0" tests="2" name="BankingApp Test" time="87.495" errors="0" timestamp="18 Oct 2021 13:43:52 GMT">
  <testcase classname="com.inetbanking.testCases.TC_LoginTest_001" name="loginTest" time="4.473"/>
  <testcase classname="com.inetbanking.testCases.TC_AddCustomerTest_003" name="addNewCustomer" time="15.483"/>
</testsuite> <!-- BankingApp Test -->
